<?xml version="1.0" encoding="UTF-8"?>
<!-- Generated by org.testng.reporters.JUnitReportReporter -->
<testsuite hostname="LAPTOP-A6QJLUMU" failures="0" tests="1" name="inkbox.GuestUserSearch" time="114.294" errors="0" timestamp="2020-12-15T17:22:40 EST" skipped="0">
  <testcase classname="inkbox.GuestUserSearch" name="validateSearch" time="114.294"/>
</testsuite> <!-- inkbox.GuestUserSearch -->
