<?xml version="1.0" encoding="UTF-8"?>
<!-- Generated by org.testng.reporters.JUnitReportReporter -->
<testsuite hostname="IBCK-AL-016s-MacBook-Air.local" failures="0" tests="1" name="inkbox.Sales" time="79.451" errors="0" timestamp="2020-12-21T11:28:50 EST" skipped="0">
  <testcase classname="inkbox.Sales" name="validateSales" time="79.451"/>
  <system-out/>
</testsuite> <!-- inkbox.Sales -->
