<?xml version="1.0" encoding="UTF-8"?>
<!-- Generated by org.testng.reporters.JUnitReportReporter -->
<testsuite hostname="LAPTOP-A6QJLUMU" failures="0" tests="1" name="inkbox.Basic" time="11.761" errors="0" timestamp="2020-12-18T16:59:03 EST" skipped="0">
  <testcase classname="inkbox.Basic" name="validateBS" time="11.761"/>
</testsuite> <!-- inkbox.Basic -->
