<?xml version="1.0" encoding="UTF-8"?>
<!-- Generated by org.testng.reporters.JUnitReportReporter -->
<testsuite hostname="LAPTOP-A6QJLUMU" failures="0" tests="1" name="Academy.Search" time="93.909" errors="0" timestamp="2020-12-06T19:39:02 EST" skipped="0">
  <testcase classname="Academy.Search" name="validateSearch" time="93.909"/>
</testsuite> <!-- Academy.Search -->
