<?xml version="1.0" encoding="UTF-8"?>
<!-- Generated by org.testng.reporters.JUnitReportReporter -->
<testsuite hostname="LAPTOP-A6QJLUMU" failures="0" tests="1" name="inkbox.FreehandInkPDP" time="117.549" errors="0" timestamp="2020-12-14T18:09:35 EST" skipped="0">
  <testcase classname="inkbox.FreehandInkPDP" name="validateFHPDP" time="117.549"/>
</testsuite> <!-- inkbox.FreehandInkPDP -->
