<?xml version="1.0" encoding="UTF-8"?>
<!-- Generated by org.testng.reporters.JUnitReportReporter -->
<testsuite hostname="LAPTOP-A6QJLUMU" failures="0" tests="1" name="inkbox.GUBestSellerHPNoUpsell" time="64.867" errors="0" timestamp="2020-12-10T11:03:21 EST" skipped="0">
  <testcase classname="inkbox.GUBestSellerHPNoUpsell" name="validateBSHP" time="64.867"/>
</testsuite> <!-- inkbox.GUBestSellerHPNoUpsell -->
