<?xml version="1.0" encoding="UTF-8"?>
<!-- Generated by org.testng.reporters.JUnitReportReporter -->
<testsuite hostname="LAPTOP-A6QJLUMU" failures="0" tests="1" name="inkbox.validateNavigationBar" time="2.858" errors="0" timestamp="2020-12-09T11:24:01 EST" skipped="0">
  <testcase classname="inkbox.validateNavigationBar" name="validateAppNavBar" time="2.858"/>
</testsuite> <!-- inkbox.validateNavigationBar -->
