<?xml version="1.0" encoding="UTF-8"?>
<!-- Generated by org.testng.reporters.JUnitReportReporter -->
<testsuite hostname="LAPTOP-A6QJLUMU" failures="0" tests="4" name="Academy.HomePage" time="73.646" errors="0" timestamp="2020-12-05T14:29:44 EST" skipped="0">
  <testcase classname="Academy.HomePage" name="basePageNavigation" time="16.014"/>
  <testcase classname="Academy.HomePage" name="basePageNavigation" time="26.944"/>
  <testcase classname="Academy.HomePage" name="basePageNavigation" time="14.722"/>
  <testcase classname="Academy.HomePage" name="basePageNavigation" time="15.966"/>
</testsuite> <!-- Academy.HomePage -->
