<?xml version="1.0" encoding="UTF-8"?>
<!-- Generated by org.testng.reporters.JUnitReportReporter -->
<testsuite hostname="LAPTOP-A6QJLUMU" failures="0" tests="1" name="inkbox.Header" time="61.150" errors="0" timestamp="2020-12-10T19:23:18 EST" skipped="0">
  <testcase classname="inkbox.Header" name="validateBS" time="61.150"/>
</testsuite> <!-- inkbox.Header -->
