<?xml version="1.0" encoding="UTF-8"?>
<!-- Generated by org.testng.reporters.JUnitReportReporter -->
<testsuite hostname="LAPTOP-A6QJLUMU" failures="0" tests="1" name="inkbox.BundlesPDPwithUpsell" time="130.099" errors="0" timestamp="2020-12-14T15:52:06 EST" skipped="0">
  <testcase classname="inkbox.BundlesPDPwithUpsell" name="validateBundlesPDP" time="130.099"/>
</testsuite> <!-- inkbox.BundlesPDPwithUpsell -->
