<?xml version="1.0" encoding="UTF-8"?>
<!-- Generated by org.testng.reporters.JUnitReportReporter -->
<testsuite hostname="LAPTOP-A6QJLUMU" failures="0" tests="1" name="inkbox.Search" time="159.332" errors="0" timestamp="2020-12-06T20:20:29 EST" skipped="0">
  <testcase classname="inkbox.Search" name="validateSearch" time="159.332"/>
</testsuite> <!-- inkbox.Search -->
