<?xml version="1.0" encoding="UTF-8"?>
<!-- Generated by org.testng.reporters.JUnitReportReporter -->
<testsuite hostname="LAPTOP-A6QJLUMU" failures="0" tests="1" name="inkbox.GUBestSeller" time="105.482" errors="0" timestamp="2020-12-10T11:03:21 EST" skipped="0">
  <testcase classname="inkbox.GUBestSeller" name="validateBS" time="105.482"/>
</testsuite> <!-- inkbox.GUBestSeller -->
