<?xml version="1.0" encoding="UTF-8"?>
<!-- Generated by org.testng.reporters.JUnitReportReporter -->
<testsuite hostname="LAPTOP-A6QJLUMU" failures="0" tests="1" name="inkbox.SearchAutoComplete" time="23.931" errors="0" timestamp="2020-12-11T08:48:04 EST" skipped="0">
  <testcase classname="inkbox.SearchAutoComplete" name="validateGUSearchAutoComplete" time="23.931"/>
</testsuite> <!-- inkbox.SearchAutoComplete -->
