<?xml version="1.0" encoding="UTF-8"?>
<!-- Generated by org.testng.reporters.JUnitReportReporter -->
<testsuite hostname="LAPTOP-A6QJLUMU" failures="0" tests="1" name="Academy.validateTitle" time="0.049" errors="0" timestamp="2020-11-27T15:54:10 EST" skipped="0">
  <testcase classname="Academy.validateTitle" name="validateAppTitle" time="0.049"/>
</testsuite> <!-- Academy.validateTitle -->
