<?xml version="1.0" encoding="UTF-8"?>
<!-- Generated by org.testng.reporters.JUnitReportReporter -->
<testsuite hostname="LAPTOP-A6QJLUMU" failures="0" tests="1" name="inkbox.BundlesPDP" time="103.844" errors="0" timestamp="2020-12-14T13:32:49 EST" skipped="0">
  <testcase classname="inkbox.BundlesPDP" name="validateBundlesPDP" time="103.844"/>
</testsuite> <!-- inkbox.BundlesPDP -->
