<?xml version="1.0" encoding="UTF-8"?>
<!-- Generated by org.testng.reporters.JUnitReportReporter -->
<testsuite hostname="LAPTOP-A6QJLUMU" failures="0" tests="1" name="inkbox.Subscribe" time="21.217" errors="0" timestamp="2020-12-10T14:03:56 EST" skipped="0">
  <testcase classname="inkbox.Subscribe" name="validateSubscription" time="21.217"/>
</testsuite> <!-- inkbox.Subscribe -->
